{
  "Cucumber Features": {
    "coverage": {
      "/Users/yixuchen/StudyOnMac/SoftwareEngineering/3_hw-acceptance-unit-test-cycle/rottenpotatoes/app/models/movie.rb": [
        1,
        1,
        18,
        null,
        1,
        1,
        null,
        null
      ],
      "/Users/yixuchen/StudyOnMac/SoftwareEngineering/3_hw-acceptance-unit-test-cycle/rottenpotatoes/app/controllers/movies_controller.rb": [
        1,
        null,
        1,
        2,
        null,
        null,
        1,
        4,
        4,
        null,
        null,
        null,
        1,
        18,
        18,
        null,
        2,
        null,
        2,
        null,
        18,
        18,
        null,
        18,
        60,
        null,
        null,
        18,
        4,
        4,
        4,
        null,
        14,
        null,
        null,
        1,
        null,
        null,
        null,
        1,
        1,
        1,
        1,
        null,
        null,
        1,
        1,
        null,
        null,
        1,
        1,
        1,
        1,
        1,
        null,
        null,
        1,
        1,
        1,
        1,
        1,
        null,
        null,
        1,
        2,
        2,
        1,
        1,
        null,
        1,
        null,
        null,
        null
      ],
      "/Users/yixuchen/StudyOnMac/SoftwareEngineering/3_hw-acceptance-unit-test-cycle/rottenpotatoes/app/controllers/application_controller.rb": [
        1,
        1,
        null
      ],
      "/Users/yixuchen/StudyOnMac/SoftwareEngineering/3_hw-acceptance-unit-test-cycle/rottenpotatoes/app/helpers/application_helper.rb": [
        1,
        null
      ],
      "/Users/yixuchen/StudyOnMac/SoftwareEngineering/3_hw-acceptance-unit-test-cycle/rottenpotatoes/app/helpers/movies_helper.rb": [
        1,
        null,
        1,
        0,
        null,
        null
      ]
    },
    "timestamp": 1551170052
  },
  "RSpec": {
    "coverage": {
      "/Users/yixuchen/StudyOnMac/SoftwareEngineering/3_hw-acceptance-unit-test-cycle/rottenpotatoes/app/helpers/application_helper.rb": [
        1,
        null
      ],
      "/Users/yixuchen/StudyOnMac/SoftwareEngineering/3_hw-acceptance-unit-test-cycle/rottenpotatoes/app/helpers/movies_helper.rb": [
        1,
        null,
        1,
        0,
        null,
        null
      ],
      "/Users/yixuchen/StudyOnMac/SoftwareEngineering/3_hw-acceptance-unit-test-cycle/rottenpotatoes/app/controllers/movies_controller.rb": [
        1,
        null,
        1,
        1,
        null,
        null,
        1,
        0,
        0,
        null,
        null,
        null,
        1,
        2,
        2,
        null,
        1,
        null,
        1,
        null,
        2,
        2,
        null,
        2,
        0,
        null,
        null,
        2,
        2,
        2,
        2,
        null,
        0,
        null,
        null,
        1,
        null,
        null,
        null,
        1,
        1,
        1,
        1,
        null,
        null,
        1,
        0,
        null,
        null,
        1,
        0,
        0,
        0,
        0,
        null,
        null,
        1,
        0,
        0,
        0,
        0,
        null,
        null,
        1,
        2,
        2,
        1,
        1,
        null,
        1,
        null,
        null,
        null
      ],
      "/Users/yixuchen/StudyOnMac/SoftwareEngineering/3_hw-acceptance-unit-test-cycle/rottenpotatoes/app/controllers/application_controller.rb": [
        1,
        1,
        null
      ],
      "/Users/yixuchen/StudyOnMac/SoftwareEngineering/3_hw-acceptance-unit-test-cycle/rottenpotatoes/app/models/movie.rb": [
        1,
        1,
        2,
        null,
        1,
        0,
        null,
        null
      ]
    },
    "timestamp": 1551169854
  }
}
